c:\users\saulb\desktop\cmp105-coursework-1900264-master\coursework\cmp105app\x64\debug\vc142.pdb
c:\users\saulb\desktop\cmp105-coursework-1900264-master\coursework\cmp105app\x64\debug\vc142.idb
c:\users\saulb\desktop\cmp105-coursework-1900264-master\coursework\cmp105app\x64\debug\menu.obj
c:\users\saulb\desktop\cmp105-coursework-1900264-master\coursework\cmp105app\x64\debug\main.obj
c:\users\saulb\desktop\cmp105-coursework-1900264-master\coursework\cmp105app\x64\debug\levelcomplete.obj
c:\users\saulb\desktop\cmp105-coursework-1900264-master\coursework\cmp105app\x64\debug\level.obj
c:\users\saulb\desktop\cmp105-coursework-1900264-master\coursework\cmp105app\x64\debug\instructions.obj
c:\users\saulb\desktop\cmp105-coursework-1900264-master\coursework\cmp105app\x64\debug\vector.obj
c:\users\saulb\desktop\cmp105-coursework-1900264-master\coursework\cmp105app\x64\debug\tilemap.obj
c:\users\saulb\desktop\cmp105-coursework-1900264-master\coursework\cmp105app\x64\debug\soundobject.obj
c:\users\saulb\desktop\cmp105-coursework-1900264-master\coursework\cmp105app\x64\debug\gameobject.obj
c:\users\saulb\desktop\cmp105-coursework-1900264-master\coursework\cmp105app\x64\debug\musicobject.obj
c:\users\saulb\desktop\cmp105-coursework-1900264-master\coursework\cmp105app\x64\debug\input.obj
c:\users\saulb\desktop\cmp105-coursework-1900264-master\coursework\cmp105app\x64\debug\gamestate.obj
c:\users\saulb\desktop\cmp105-coursework-1900264-master\coursework\cmp105app\x64\debug\collision.obj
c:\users\saulb\desktop\cmp105-coursework-1900264-master\coursework\cmp105app\x64\debug\audiomanager.obj
c:\users\saulb\desktop\cmp105-coursework-1900264-master\coursework\cmp105app\x64\debug\animation.obj
c:\users\saulb\desktop\cmp105-coursework-1900264-master\coursework\cmp105app\x64\debug\endportal.obj
c:\users\saulb\desktop\cmp105-coursework-1900264-master\coursework\cmp105app\x64\debug\deathscreen.obj
c:\users\saulb\desktop\cmp105-coursework-1900264-master\coursework\cmp105app\x64\debug\cannonspawner.obj
c:\users\saulb\desktop\cmp105-coursework-1900264-master\coursework\cmp105app\x64\debug\cannon.obj
c:\users\saulb\desktop\cmp105-coursework-1900264-master\coursework\cmp105app\x64\debug\camera.obj
c:\users\saulb\desktop\cmp105-coursework-1900264-master\coursework\cmp105app\x64\debug\tilemap1.obj
c:\users\saulb\desktop\cmp105-coursework-1900264-master\coursework\cmp105app\x64\debug\splashscreen.obj
c:\users\saulb\desktop\cmp105-coursework-1900264-master\coursework\cmp105app\x64\debug\splashanimation.obj
c:\users\saulb\desktop\cmp105-coursework-1900264-master\coursework\cmp105app\x64\debug\settings.obj
c:\users\saulb\desktop\cmp105-coursework-1900264-master\coursework\cmp105app\x64\debug\projectile.obj
c:\users\saulb\desktop\cmp105-coursework-1900264-master\coursework\cmp105app\x64\debug\player.obj
c:\users\saulb\desktop\cmp105-coursework-1900264-master\coursework\cmp105app\x64\debug\movingspawner.obj
c:\users\saulb\desktop\cmp105-coursework-1900264-master\coursework\cmp105app\x64\debug\movingenemy.obj
c:\users\saulb\desktop\cmp105-coursework-1900264-master\coursework\x64\debug\cmp105app.exe
c:\users\saulb\desktop\cmp105-coursework-1900264-master\coursework\x64\debug\cmp105app.ilk
c:\users\saulb\desktop\cmp105-coursework-1900264-master\coursework\x64\debug\cmp105app.pdb
c:\users\saulb\desktop\cmp105-coursework-1900264-master\coursework\cmp105app\x64\debug\deathscreen.new.obj.enc
c:\users\saulb\desktop\cmp105-coursework-1900264-master\coursework\cmp105app\x64\debug\instructions.new.obj.enc
c:\users\saulb\desktop\cmp105-coursework-1900264-master\coursework\cmp105app\x64\debug\levelcomplete.new.obj.enc
c:\users\saulb\desktop\cmp105-coursework-1900264-master\coursework\cmp105app\x64\debug\settings.new.obj.enc
c:\users\saulb\desktop\cmp105-coursework-1900264-master\coursework\cmp105app\x64\debug\cmp105app.tlog\cl.command.1.tlog
c:\users\saulb\desktop\cmp105-coursework-1900264-master\coursework\cmp105app\x64\debug\cmp105app.tlog\cl.read.1.tlog
c:\users\saulb\desktop\cmp105-coursework-1900264-master\coursework\cmp105app\x64\debug\cmp105app.tlog\cl.write.1.tlog
c:\users\saulb\desktop\cmp105-coursework-1900264-master\coursework\cmp105app\x64\debug\cmp105app.tlog\link.command.1.tlog
c:\users\saulb\desktop\cmp105-coursework-1900264-master\coursework\cmp105app\x64\debug\cmp105app.tlog\link.read.1.tlog
c:\users\saulb\desktop\cmp105-coursework-1900264-master\coursework\cmp105app\x64\debug\cmp105app.tlog\link.write.1.tlog
